2021-12-03 19:22:25 - INFO - "GET / HTTP/1.1" 200 1219
2021-12-03 19:22:25 - INFO - "GET /static/style.css HTTP/1.1" 200 648
2021-12-03 19:26:01 - WARNING - "GET /todos HTTP/1.1" 404 1536
2021-12-03 19:26:01 - INFO - "GET / HTTP/1.1" 200 1219
2021-12-03 19:26:01 - INFO - "GET /static/style.css HTTP/1.1" 304 0
2021-12-03 19:44:49 - INFO - "GET / HTTP/1.1" 200 1219
2021-12-03 19:44:49 - INFO - "GET /static/style.css HTTP/1.1" 304 0
2021-12-03 19:44:49 - WARNING - "GET /blog HTTP/1.1" 404 1536
2021-12-03 19:46:05 - WARNING - "GET /blog HTTP/1.1" 404 1536
2021-12-03 19:46:05 - INFO - "GET / HTTP/1.1" 200 1219
2021-12-03 19:46:05 - INFO - "GET /static/style.css HTTP/1.1" 304 0
2021-12-03 19:46:05 - INFO - "GET / HTTP/1.1" 200 1219
2021-12-03 19:46:05 - INFO - "GET / HTTP/1.1" 200 1219
2021-12-03 19:46:05 - INFO - "GET / HTTP/1.1" 200 1219
2021-12-03 19:46:05 - INFO - "GET / HTTP/1.1" 200 1219
2021-12-03 19:46:05 - INFO - "GET / HTTP/1.1" 200 1219
2021-12-03 19:46:05 - INFO - "GET / HTTP/1.1" 200 1219
2021-12-03 19:46:24 - INFO - "GET / HTTP/1.1" 200 1219
2021-12-03 19:46:46 - INFO - "GET / HTTP/1.1" 200 1219
2021-12-03 19:46:46 - INFO - "GET / HTTP/1.1" 200 1219
2021-12-03 19:46:46 - INFO - "GET / HTTP/1.1" 200 1219
2021-12-03 19:46:46 - INFO - "GET /blogs HTTP/1.1" 200 450
2021-12-03 19:46:46 - INFO - "GET /blogs/1 HTTP/1.1" 200 145
2021-12-03 19:48:42 - INFO - "GET /blos/1 HTTP/1.1" 200 145
2021-12-03 19:48:42 - INFO - "GET /blos HTTP/1.1" 200 450
2021-12-03 19:48:58 - INFO - "GET /blogs HTTP/1.1" 200 450
2021-12-03 19:53:47 - INFO - "GET / HTTP/1.1" 200 1219
2021-12-03 19:53:47 - INFO - "GET /blogs HTTP/1.1" 200 450
2021-12-03 19:53:47 - INFO - "POST /blogs HTTP/1.1" 200 156
2021-12-03 19:53:47 - INFO - "GET /blogs HTTP/1.1" 200 608
2021-12-03 19:53:47 - INFO - "POST /blogs HTTP/1.1" 200 192
2021-12-03 19:53:47 - INFO - "PUT /blogs/5 HTTP/1.1" 200 189
2021-12-03 19:53:47 - INFO - "GET /blogs HTTP/1.1" 200 797
2021-12-03 19:53:47 - INFO - "PUT /blogs/5 HTTP/1.1" 200 188
2021-12-03 19:53:47 - INFO - "GET /blogs HTTP/1.1" 200 796
2021-12-03 19:53:47 - INFO - "PUT /blogs/5 HTTP/1.1" 200 189
2021-12-03 19:56:43 - ERROR - SyntaxError in 0 on line 0
2021-12-03 19:56:43 - ERROR - "DELETE /blogs/5 HTTP/1.1" 500 1040704
2021-12-03 19:57:07 - INFO - "DELETE /blogs/5 HTTP/1.1" 200 189
2021-12-03 19:57:07 - INFO - "DELETE /blogs/5 HTTP/1.1" 200 2
2021-12-03 19:57:07 - INFO - "GET /blogs HTTP/1.1" 200 608
2021-12-03 19:57:07 - INFO - "POST /blogs HTTP/1.1" 200 187
2021-12-03 19:57:07 - INFO - "GET /blogs HTTP/1.1" 200 797
